{"/Users/cagatay/Desktop/Quicksort/index.js": {"path":"/Users/cagatay/Desktop/Quicksort/index.js","statementMap":{"0":{"start":{"line":10,"column":16},"end":{"line":10,"column":25}},"1":{"start":{"line":11,"column":11},"end":{"line":11,"column":18}},"2":{"start":{"line":12,"column":2},"end":{"line":21,"column":3}},"3":{"start":{"line":12,"column":15},"end":{"line":12,"column":18}},"4":{"start":{"line":14,"column":4},"end":{"line":20,"column":5}},"5":{"start":{"line":15,"column":6},"end":{"line":15,"column":9}},"6":{"start":{"line":17,"column":19},"end":{"line":17,"column":25}},"7":{"start":{"line":18,"column":6},"end":{"line":18,"column":21}},"8":{"start":{"line":19,"column":6},"end":{"line":19,"column":19}},"9":{"start":{"line":23,"column":15},"end":{"line":23,"column":25}},"10":{"start":{"line":24,"column":2},"end":{"line":24,"column":24}},"11":{"start":{"line":25,"column":2},"end":{"line":25,"column":18}},"12":{"start":{"line":26,"column":2},"end":{"line":26,"column":14}},"13":{"start":{"line":35,"column":2},"end":{"line":37,"column":3}},"14":{"start":{"line":36,"column":4},"end":{"line":36,"column":25}},"15":{"start":{"line":38,"column":2},"end":{"line":46,"column":3}},"16":{"start":{"line":40,"column":15},"end":{"line":40,"column":40}},"17":{"start":{"line":43,"column":4},"end":{"line":43,"column":26}},"18":{"start":{"line":44,"column":4},"end":{"line":44,"column":27}},"19":{"start":{"line":45,"column":4},"end":{"line":45,"column":14}},"20":{"start":{"line":48,"column":0},"end":{"line":48,"column":21}}},"fnMap":{"0":{"name":"partition","decl":{"start":{"line":9,"column":9},"end":{"line":9,"column":18}},"loc":{"start":{"line":9,"column":36},"end":{"line":27,"column":1}},"line":9},"1":{"name":"sort","decl":{"start":{"line":34,"column":9},"end":{"line":34,"column":13}},"loc":{"start":{"line":34,"column":35},"end":{"line":47,"column":1}},"line":34}},"branchMap":{"0":{"loc":{"start":{"line":14,"column":4},"end":{"line":20,"column":5}},"type":"if","locations":[{"start":{"line":14,"column":4},"end":{"line":20,"column":5}},{"start":{"line":14,"column":4},"end":{"line":20,"column":5}}],"line":14},"1":{"loc":{"start":{"line":34,"column":20},"end":{"line":34,"column":27}},"type":"default-arg","locations":[{"start":{"line":34,"column":26},"end":{"line":34,"column":27}}],"line":34},"2":{"loc":{"start":{"line":35,"column":2},"end":{"line":37,"column":3}},"type":"if","locations":[{"start":{"line":35,"column":2},"end":{"line":37,"column":3}},{"start":{"line":35,"column":2},"end":{"line":37,"column":3}}],"line":35},"3":{"loc":{"start":{"line":38,"column":2},"end":{"line":46,"column":3}},"type":"if","locations":[{"start":{"line":38,"column":2},"end":{"line":46,"column":3}},{"start":{"line":38,"column":2},"end":{"line":46,"column":3}}],"line":38}},"s":{"0":13,"1":13,"2":13,"3":13,"4":44,"5":22,"6":22,"7":22,"8":22,"9":13,"10":13,"11":13,"12":13,"13":28,"14":3,"15":28,"16":13,"17":13,"18":13,"19":13,"20":1},"f":{"0":13,"1":28},"b":{"0":[22,22],"1":[2],"2":[3,25],"3":[13,15]},"_coverageSchema":"43e27e138ebf9cfc5966b082cf9a028302ed4184","hash":"d2e8399ea731092dff1af0d085f565485cdffd5d"}
}
